(0000) 3000  0011000000000000 (  10)                 .ORIG x3000
(3000) 2013  0010000000010011 (  13)                 LD    R0 DIVIDENT
(3001) 2613  0010011000010011 (  16)                 LD    R3 DIVISOR
(3002) 96FF  1001011011111111 (  19)                 NOT   R3 R3
(3003) 1A03  0001101000000011 (  20)                 ADD   R5 R0 R3
(3004) 080E  0000100000001110 (  21)                 BRN   INVALID
(3005) 54A0  0101010010100000 (  24)                 AND   R2 R2 #0
(3006) 260E  0010011000001110 (  29) LOOP            LD    R3 DIVISOR
(3007) 96FF  1001011011111111 (  30)                 NOT   R3 R3
(3008) 16E1  0001011011100001 (  31)                 ADD   R3 R3 #1
(3009) 1003  0001000000000011 (  32)                 ADD   R0 R0 R3
(300A) 0803  0000100000000011 (  33)                 BRN   DISPLAY
(300B) 14A1  0001010010100001 (  34)                 ADD   R2 R2 #1
(300C) 1020  0001000000100000 (  35)                 ADD   R0 R0 #0
(300D) 03F8  0000001111111000 (  38)                 BRP   LOOP
(300E) 2A07  0010101000000111 (  43) DISPLAY         LD    R5 ASCII
(300F) 1005  0001000000000101 (  44)                 ADD   R0 R0 R5
(3010) F021  1111000000100001 (  45)                 TRAP  x21
(3011) 1085  0001000010000101 (  46)                 ADD   R0 R2 R5
(3012) F021  1111000000100001 (  47)                 TRAP  x21
(3013) F025  1111000000100101 (  53) INVALID         TRAP  x25
(3014) 0008  0000000000001000 (  55) DIVIDENT        .FILL x0008
(3015) 0004  0000000000000100 (  56) DIVISOR         .FILL x0004
(3016) 0030  0000000000110000 (  57) ASCII           .FILL x0030
