(0000) 4000  0100000000000000 (   1)                 .ORIG x4000
(4000) 240E  0010010000001110 (   2)                 LD    R2 LOW_A
(4001) 94BF  1001010010111111 (   3)                 NOT   R2 R2
(4002) 14A1  0001010010100001 (   4)                 ADD   R2 R2 #1
(4003) E00C  1110000000001100 (   5)                 LEA   R0 STRG
(4004) 6200  0110001000000000 (   6) L1              LDR   R1 R0 #0
(4005) 0406  0000010000000110 (   7)                 BRZ   DONE
(4006) 1642  0001011001000010 (   8)                 ADD   R3 R1 R2
(4007) 0A02  0000101000000010 (   9)                 BRNP  SKIP
(4008) 2217  0010001000010111 (  11)                 LD    R1 UPP_A
(4009) 7200  0111001000000000 (  12)                 STR   R1 R0 #0
(400A) 1021  0001000000100001 (  13) SKIP            ADD   R0 R0 #1
(400B) 0FF8  0000111111111000 (  14)                 BRNZP L1
(400C) E003  1110000000000011 (  15) DONE            LEA   R0 STRG
(400D) F022  1111000000100010 (  16)                 TRAP  x22
(400E) F025  1111000000100101 (  17)                 TRAP  x25
(400F) 0061  0000000001100001 (  18) LOW_A           .FILL x0061
(4010) 0053  0000000001010011 (  19) STRG            .FILL x0053
(4011) 0061  0000000001100001 (  19)                 .FILL x0061
(4012) 006C  0000000001101100 (  19)                 .FILL x006C
(4013) 0074  0000000001110100 (  19)                 .FILL x0074
(4014) 0020  0000000000100000 (  19)                 .FILL x0020
(4015) 0061  0000000001100001 (  19)                 .FILL x0061
(4016) 006E  0000000001101110 (  19)                 .FILL x006E
(4017) 0064  0000000001100100 (  19)                 .FILL x0064
(4018) 0020  0000000000100000 (  19)                 .FILL x0020
(4019) 0050  0000000001010000 (  19)                 .FILL x0050
(401A) 0065  0000000001100101 (  19)                 .FILL x0065
(401B) 0070  0000000001110000 (  19)                 .FILL x0070
(401C) 0070  0000000001110000 (  19)                 .FILL x0070
(401D) 0065  0000000001100101 (  19)                 .FILL x0065
(401E) 0072  0000000001110010 (  19)                 .FILL x0072
(401F) 0000  0000000000000000 (  19)                 .FILL x0000
(4020) 0041  0000000001000001 (  20) UPP_A           .FILL x0041
