(0000) 3000  0011000000000000 (   1)                 .ORIG x3000
(3000) E003  1110000000000011 (   2)                 LEA   R0 LABEL
(3001) 7203  0111001000000011 (   3)                 STR   R1 R0 #3
(3002) F022  1111000000100010 (   4)                 TRAP  x22
(3003) F025  1111000000100101 (   5)                 TRAP  x25
(3004) 0046  0000000001000110 (   6) LABEL           .FILL x0046
(3005) 0055  0000000001010101 (   6)                 .FILL x0055
(3006) 004E  0000000001001110 (   6)                 .FILL x004E
(3007) 004B  0000000001001011 (   6)                 .FILL x004B
(3008) 0059  0000000001011001 (   6)                 .FILL x0059
(3009) 0000  0000000000000000 (   6)                 .FILL x0000
(300A) 0048  0000000001001000 (   7) LABEL2          .FILL x0048
(300B) 0045  0000000001000101 (   7)                 .FILL x0045
(300C) 004C  0000000001001100 (   7)                 .FILL x004C
(300D) 004C  0000000001001100 (   7)                 .FILL x004C
(300E) 004F  0000000001001111 (   7)                 .FILL x004F
(300F) 0020  0000000000100000 (   7)                 .FILL x0020
(3010) 0057  0000000001010111 (   7)                 .FILL x0057
(3011) 004F  0000000001001111 (   7)                 .FILL x004F
(3012) 0052  0000000001010010 (   7)                 .FILL x0052
(3013) 004C  0000000001001100 (   7)                 .FILL x004C
(3014) 0044  0000000001000100 (   7)                 .FILL x0044
(3015) 0000  0000000000000000 (   7)                 .FILL x0000
