(0000) 3000  0011000000000000 (   1)                 .ORIG x3000
(3000) 2014  0010000000010100 (   2)                 LD    R0 NUMBER1
(3001) 080F  0000100000001111 (   3)                 BRN   STOP
(3002) 2213  0010001000010011 (   5)                 LD    R1 NUMBER2
(3003) 080D  0000100000001101 (   6)                 BRN   STOP
(3004) 1A60  0001101001100000 (   9)                 ADD   R5 R1 #0
(3005) 54A0  0101010010100000 (  10)                 AND   R2 R2 #0
(3006) 56E0  0101011011100000 (  11)                 AND   R3 R3 #0
(3007) 5920  0101100100100000 (  12)                 AND   R4 R4 #0
(3008) 947F  1001010001111111 (  14)                 NOT   R2 R1
(3009) 14A1  0001010010100001 (  15)                 ADD   R2 R2 #1
(300A) 16E1  0001011011100001 (  17) DIVIDE          ADD   R3 R3 #1
(300B) 1002  0001000000000010 (  18)                 ADD   R0 R0 R2
(300C) 0802  0000100000000010 (  19)                 BRN   NEG
(300D) 0404  0000010000000100 (  20)                 BRZ   ZERO
(300E) 03FB  0000001111111011 (  21)                 BRP   DIVIDE
(300F) 16FF  0001011011111111 (  23) NEG             ADD   R3 R3 #-1
(3010) 1401  0001010000000001 (  24)                 ADD   R2 R0 R1
(3011) B805  1011100000000101 (  25) STOP            STI   R4 STORE_MULT
(3012) B405  1011010000000101 (  26) ZERO            STI   R2 REMAINDER
(3013) B605  1011011000000101 (  27)                 STI   R3 QUOTIENT
(3014) F025  1111000000100101 (  28)                 TRAP  x25
(3015) 0014  0000000000010100 (  30) NUMBER1         .FILL x0014
(3016) 0003  0000000000000011 (  31) NUMBER2         .FILL x0003
(3017) 3102  0011000100000010 (  32) STORE_MULT      .FILL x3102
(3018) 3104  0011000100000100 (  33) REMAINDER       .FILL x3104
(3019) 3103  0011000100000011 (  34) QUOTIENT        .FILL x3103
